Open subtitles dataset configuration
vocab size, en=13070, fr=36012
hu_en_model_50000/train_50000sen_3-3layers_100units_base1_budoslab_SOFT_ATTN.log
hu_en_model_50000/seq2seq_50000sen_3-3layers_100units_base1_budoslab_SOFT_ATTN.model
here False
not creating buckets as requested. will crash if buckets not present
finished training on 45000 sentences
--------------------------------------------------
computing perplexity
--------------------------------------------------
dev perplexity | 99.992378
# words in dev |   3182
--------------------------------------------------
Saving model
Finished saving model
wooohooo!
hu_en_model_50000/train_50000sen_3-3layers_100units_base1_budoslab_SOFT_ATTN.log
hu_en_model_50000/dev_50000sen_3-3layers_100units_base1_budoslab_SOFT_ATTN.log
hu_en_model_50000/seq2seq_50000sen_3-3layers_100units_base1_budoslab_SOFT_ATTN_1.model
BLEU: 9.15
finished training on 45000 sentences
--------------------------------------------------
computing perplexity
--------------------------------------------------
dev perplexity | 73.812349
# words in dev |   3182
--------------------------------------------------
Saving model
Finished saving model
wooohooo!
hu_en_model_50000/train_50000sen_3-3layers_100units_base1_budoslab_SOFT_ATTN.log
hu_en_model_50000/dev_50000sen_3-3layers_100units_base1_budoslab_SOFT_ATTN.log
hu_en_model_50000/seq2seq_50000sen_3-3layers_100units_base1_budoslab_SOFT_ATTN_2.model
finished training on 45000 sentences
--------------------------------------------------
computing perplexity
--------------------------------------------------
dev perplexity | 61.298649
# words in dev |   3182
--------------------------------------------------
Saving model
Finished saving model
wooohooo!
hu_en_model_50000/train_50000sen_3-3layers_100units_base1_budoslab_SOFT_ATTN.log
hu_en_model_50000/dev_50000sen_3-3layers_100units_base1_budoslab_SOFT_ATTN.log
hu_en_model_50000/seq2seq_50000sen_3-3layers_100units_base1_budoslab_SOFT_ATTN_3.model
BLEU: 9.30
finished training on 45000 sentences
--------------------------------------------------
computing perplexity
--------------------------------------------------
dev perplexity | 55.910781
# words in dev |   3182
--------------------------------------------------
Saving model
Finished saving model
wooohooo!
hu_en_model_50000/train_50000sen_3-3layers_100units_base1_budoslab_SOFT_ATTN.log
hu_en_model_50000/dev_50000sen_3-3layers_100units_base1_budoslab_SOFT_ATTN.log
hu_en_model_50000/seq2seq_50000sen_3-3layers_100units_base1_budoslab_SOFT_ATTN_4.model
finished training on 45000 sentences
--------------------------------------------------
computing perplexity
--------------------------------------------------
dev perplexity | 48.778173
# words in dev |   3182
--------------------------------------------------
Saving model
Finished saving model
wooohooo!
hu_en_model_50000/train_50000sen_3-3layers_100units_base1_budoslab_SOFT_ATTN.log
hu_en_model_50000/dev_50000sen_3-3layers_100units_base1_budoslab_SOFT_ATTN.log
hu_en_model_50000/seq2seq_50000sen_3-3layers_100units_base1_budoslab_SOFT_ATTN_5.model
BLEU: 14.46
finished training on 45000 sentences
--------------------------------------------------
computing perplexity
--------------------------------------------------
dev perplexity | 43.218790
# words in dev |   3182
--------------------------------------------------
Saving model
Finished saving model
wooohooo!
hu_en_model_50000/train_50000sen_3-3layers_100units_base1_budoslab_SOFT_ATTN.log
hu_en_model_50000/dev_50000sen_3-3layers_100units_base1_budoslab_SOFT_ATTN.log
hu_en_model_50000/seq2seq_50000sen_3-3layers_100units_base1_budoslab_SOFT_ATTN_6.model
finished training on 45000 sentences
--------------------------------------------------
computing perplexity
--------------------------------------------------
dev perplexity | 40.012846
# words in dev |   3182
--------------------------------------------------
Saving model
Finished saving model
wooohooo!
hu_en_model_50000/train_50000sen_3-3layers_100units_base1_budoslab_SOFT_ATTN.log
hu_en_model_50000/dev_50000sen_3-3layers_100units_base1_budoslab_SOFT_ATTN.log
hu_en_model_50000/seq2seq_50000sen_3-3layers_100units_base1_budoslab_SOFT_ATTN_7.model
BLEU: 22.33
finished training on 45000 sentences
--------------------------------------------------
computing perplexity
--------------------------------------------------
dev perplexity | 39.329006
# words in dev |   3182
--------------------------------------------------
Saving model
Finished saving model
wooohooo!
hu_en_model_50000/train_50000sen_3-3layers_100units_base1_budoslab_SOFT_ATTN.log
hu_en_model_50000/dev_50000sen_3-3layers_100units_base1_budoslab_SOFT_ATTN.log
hu_en_model_50000/seq2seq_50000sen_3-3layers_100units_base1_budoslab_SOFT_ATTN_8.model
finished training on 45000 sentences
--------------------------------------------------
computing perplexity
--------------------------------------------------
dev perplexity | 38.404802
# words in dev |   3182
--------------------------------------------------
Saving model
Finished saving model
wooohooo!
hu_en_model_50000/train_50000sen_3-3layers_100units_base1_budoslab_SOFT_ATTN.log
hu_en_model_50000/dev_50000sen_3-3layers_100units_base1_budoslab_SOFT_ATTN.log
hu_en_model_50000/seq2seq_50000sen_3-3layers_100units_base1_budoslab_SOFT_ATTN_9.model
BLEU: 22.76
finished training on 45000 sentences
--------------------------------------------------
computing perplexity
--------------------------------------------------
dev perplexity | 36.960834
# words in dev |   3182
--------------------------------------------------
Saving model
Finished saving model
wooohooo!
hu_en_model_50000/train_50000sen_3-3layers_100units_base1_budoslab_SOFT_ATTN.log
hu_en_model_50000/dev_50000sen_3-3layers_100units_base1_budoslab_SOFT_ATTN.log
hu_en_model_50000/seq2seq_50000sen_3-3layers_100units_base1_budoslab_SOFT_ATTN_10.model
finished training on 45000 sentences
--------------------------------------------------
computing perplexity
--------------------------------------------------
dev perplexity | 35.899621
# words in dev |   3182
--------------------------------------------------
Saving model
Finished saving model
wooohooo!
hu_en_model_50000/train_50000sen_3-3layers_100units_base1_budoslab_SOFT_ATTN.log
hu_en_model_50000/dev_50000sen_3-3layers_100units_base1_budoslab_SOFT_ATTN.log
hu_en_model_50000/seq2seq_50000sen_3-3layers_100units_base1_budoslab_SOFT_ATTN_11.model
BLEU: 24.03
finished training on 45000 sentences
--------------------------------------------------
computing perplexity
--------------------------------------------------
dev perplexity | 36.459418
# words in dev |   3182
--------------------------------------------------
Saving model
Finished saving model
wooohooo!
hu_en_model_50000/train_50000sen_3-3layers_100units_base1_budoslab_SOFT_ATTN.log
hu_en_model_50000/dev_50000sen_3-3layers_100units_base1_budoslab_SOFT_ATTN.log
hu_en_model_50000/seq2seq_50000sen_3-3layers_100units_base1_budoslab_SOFT_ATTN_12.model
finished training on 45000 sentences
--------------------------------------------------
computing perplexity
--------------------------------------------------
dev perplexity | 36.589169
# words in dev |   3182
--------------------------------------------------
Saving model
Finished saving model
wooohooo!
hu_en_model_50000/train_50000sen_3-3layers_100units_base1_budoslab_SOFT_ATTN.log
hu_en_model_50000/dev_50000sen_3-3layers_100units_base1_budoslab_SOFT_ATTN.log
hu_en_model_50000/seq2seq_50000sen_3-3layers_100units_base1_budoslab_SOFT_ATTN_13.model
BLEU: 26.21
finished training on 45000 sentences
--------------------------------------------------
computing perplexity
--------------------------------------------------
dev perplexity | 39.697868
# words in dev |   3182
--------------------------------------------------
Saving model
Finished saving model
wooohooo!
hu_en_model_50000/train_50000sen_3-3layers_100units_base1_budoslab_SOFT_ATTN.log
hu_en_model_50000/dev_50000sen_3-3layers_100units_base1_budoslab_SOFT_ATTN.log
hu_en_model_50000/seq2seq_50000sen_3-3layers_100units_base1_budoslab_SOFT_ATTN_14.model
finished training on 45000 sentences
--------------------------------------------------
computing perplexity
--------------------------------------------------
dev perplexity | 45.520721
# words in dev |   3182
--------------------------------------------------
Saving model
Finished saving model
wooohooo!
hu_en_model_50000/train_50000sen_3-3layers_100units_base1_budoslab_SOFT_ATTN.log
hu_en_model_50000/dev_50000sen_3-3layers_100units_base1_budoslab_SOFT_ATTN.log
hu_en_model_50000/seq2seq_50000sen_3-3layers_100units_base1_budoslab_SOFT_ATTN_15.model
BLEU: 23.50
Simple predictions (╯°□°）╯︵ ┻━┻
training set predictions
English predictions, s=0, num=2:
--------------------------------------------------
sentence: 0
Src | Álmomban sem hittem volna                                                       
Ref | i never dreamed before                                                          
Hyp | i ve never been _EOS                                                            
--------------------------------------------------
precision | 0.5000
recall | 0.5000
--------------------------------------------------
sentence: 1
Src | hogy az ajtók megnyílnak sorba előttem egy szabad világ felé                    
Ref | i m gonna knock the door into the world of perfect free                         
Hyp | i m i i to the the the the the this _EOS                                        
--------------------------------------------------
precision | 0.3636
recall | 0.3333
sentences matching filter = 2
Simple predictions (╯°□°）╯︵ ┻━┻
dev set predictions
English predictions, s=45000, num=3:
--------------------------------------------------
sentence: 45000
Src | - rendben                                                                       
Ref | - all right                                                                     
Hyp | - all right _EOS                                                                
--------------------------------------------------
precision | 1.0000
recall | 1.0000
--------------------------------------------------
sentence: 45001
Src | cesca                                                                           
Ref | cesca cesca                                                                     
Hyp | cesca cesca _EOS                                                                
--------------------------------------------------
precision | 1.0000
recall | 1.0000
--------------------------------------------------
sentence: 45002
Src | nem látok                                                                       
Ref | i can t see                                                                     
Hyp | i don t understand _EOS                                                         
--------------------------------------------------
precision | 0.5000
recall | 0.5000
sentences matching filter = 3
--------------------------------------------------
BLEU: 23.50
--------------------------------------------------
Final saving model
Finished saving model
hu_en_model_50000/train_50000sen_3-3layers_100units_base1_budoslab_SOFT_ATTN.log
hu_en_model_50000/dev_50000sen_3-3layers_100units_base1_budoslab_SOFT_ATTN.log
hu_en_model_50000/seq2seq_50000sen_3-3layers_100units_base1_budoslab_SOFT_ATTN.model
BLEU: 23.50
