Open subtitles dataset configuration
vocab size, en=13070, fr=36012
hu_en_model_50000/train_50000sen_6-6layers_400units_exp2_budoslab_SOFT_ATTN.log
hu_en_model_50000/seq2seq_50000sen_6-6layers_400units_exp2_budoslab_SOFT_ATTN.model
here False
not creating buckets as requested. will crash if buckets not present
finished training on 45000 sentences
--------------------------------------------------
computing perplexity
--------------------------------------------------
dev perplexity | 113.181742
# words in dev |   3182
--------------------------------------------------
Saving model
Finished saving model
wooohooo!
hu_en_model_50000/train_50000sen_6-6layers_400units_exp2_budoslab_SOFT_ATTN.log
hu_en_model_50000/dev_50000sen_6-6layers_400units_exp2_budoslab_SOFT_ATTN.log
hu_en_model_50000/seq2seq_50000sen_6-6layers_400units_exp2_budoslab_SOFT_ATTN_1.model
BLEU: 7.56
finished training on 45000 sentences
--------------------------------------------------
computing perplexity
--------------------------------------------------
dev perplexity | 93.424080
# words in dev |   3182
--------------------------------------------------
Saving model
Finished saving model
wooohooo!
hu_en_model_50000/train_50000sen_6-6layers_400units_exp2_budoslab_SOFT_ATTN.log
hu_en_model_50000/dev_50000sen_6-6layers_400units_exp2_budoslab_SOFT_ATTN.log
hu_en_model_50000/seq2seq_50000sen_6-6layers_400units_exp2_budoslab_SOFT_ATTN_2.model
finished training on 45000 sentences
--------------------------------------------------
computing perplexity
--------------------------------------------------
dev perplexity | 73.848203
# words in dev |   3182
--------------------------------------------------
Saving model
Finished saving model
wooohooo!
hu_en_model_50000/train_50000sen_6-6layers_400units_exp2_budoslab_SOFT_ATTN.log
hu_en_model_50000/dev_50000sen_6-6layers_400units_exp2_budoslab_SOFT_ATTN.log
hu_en_model_50000/seq2seq_50000sen_6-6layers_400units_exp2_budoslab_SOFT_ATTN_3.model
BLEU: 9.49
finished training on 45000 sentences
--------------------------------------------------
computing perplexity
--------------------------------------------------
dev perplexity | 67.959491
# words in dev |   3182
--------------------------------------------------
Saving model
Finished saving model
wooohooo!
hu_en_model_50000/train_50000sen_6-6layers_400units_exp2_budoslab_SOFT_ATTN.log
hu_en_model_50000/dev_50000sen_6-6layers_400units_exp2_budoslab_SOFT_ATTN.log
hu_en_model_50000/seq2seq_50000sen_6-6layers_400units_exp2_budoslab_SOFT_ATTN_4.model
finished training on 45000 sentences
--------------------------------------------------
computing perplexity
--------------------------------------------------
dev perplexity | 66.369872
# words in dev |   3182
--------------------------------------------------
Saving model
Finished saving model
wooohooo!
hu_en_model_50000/train_50000sen_6-6layers_400units_exp2_budoslab_SOFT_ATTN.log
hu_en_model_50000/dev_50000sen_6-6layers_400units_exp2_budoslab_SOFT_ATTN.log
hu_en_model_50000/seq2seq_50000sen_6-6layers_400units_exp2_budoslab_SOFT_ATTN_5.model
BLEU: 11.90
finished training on 45000 sentences
--------------------------------------------------
computing perplexity
--------------------------------------------------
dev perplexity | 55.979721
# words in dev |   3182
--------------------------------------------------
Saving model
Finished saving model
wooohooo!
hu_en_model_50000/train_50000sen_6-6layers_400units_exp2_budoslab_SOFT_ATTN.log
hu_en_model_50000/dev_50000sen_6-6layers_400units_exp2_budoslab_SOFT_ATTN.log
hu_en_model_50000/seq2seq_50000sen_6-6layers_400units_exp2_budoslab_SOFT_ATTN_6.model
finished training on 45000 sentences
--------------------------------------------------
computing perplexity
--------------------------------------------------
dev perplexity | 45.564377
# words in dev |   3182
--------------------------------------------------
Saving model
Finished saving model
wooohooo!
hu_en_model_50000/train_50000sen_6-6layers_400units_exp2_budoslab_SOFT_ATTN.log
hu_en_model_50000/dev_50000sen_6-6layers_400units_exp2_budoslab_SOFT_ATTN.log
hu_en_model_50000/seq2seq_50000sen_6-6layers_400units_exp2_budoslab_SOFT_ATTN_7.model
BLEU: 13.75
finished training on 45000 sentences
--------------------------------------------------
computing perplexity
--------------------------------------------------
dev perplexity | 43.740737
# words in dev |   3182
--------------------------------------------------
Saving model
Finished saving model
wooohooo!
hu_en_model_50000/train_50000sen_6-6layers_400units_exp2_budoslab_SOFT_ATTN.log
hu_en_model_50000/dev_50000sen_6-6layers_400units_exp2_budoslab_SOFT_ATTN.log
hu_en_model_50000/seq2seq_50000sen_6-6layers_400units_exp2_budoslab_SOFT_ATTN_8.model
finished training on 45000 sentences
--------------------------------------------------
computing perplexity
--------------------------------------------------
dev perplexity | 45.331404
# words in dev |   3182
--------------------------------------------------
Saving model
Finished saving model
wooohooo!
hu_en_model_50000/train_50000sen_6-6layers_400units_exp2_budoslab_SOFT_ATTN.log
hu_en_model_50000/dev_50000sen_6-6layers_400units_exp2_budoslab_SOFT_ATTN.log
hu_en_model_50000/seq2seq_50000sen_6-6layers_400units_exp2_budoslab_SOFT_ATTN_9.model
BLEU: 12.97
finished training on 45000 sentences
--------------------------------------------------
computing perplexity
--------------------------------------------------
dev perplexity | 39.406742
# words in dev |   3182
--------------------------------------------------
Saving model
Finished saving model
wooohooo!
hu_en_model_50000/train_50000sen_6-6layers_400units_exp2_budoslab_SOFT_ATTN.log
hu_en_model_50000/dev_50000sen_6-6layers_400units_exp2_budoslab_SOFT_ATTN.log
hu_en_model_50000/seq2seq_50000sen_6-6layers_400units_exp2_budoslab_SOFT_ATTN_10.model
finished training on 45000 sentences
--------------------------------------------------
computing perplexity
--------------------------------------------------
dev perplexity | 36.725155
# words in dev |   3182
--------------------------------------------------
Saving model
Finished saving model
wooohooo!
hu_en_model_50000/train_50000sen_6-6layers_400units_exp2_budoslab_SOFT_ATTN.log
hu_en_model_50000/dev_50000sen_6-6layers_400units_exp2_budoslab_SOFT_ATTN.log
hu_en_model_50000/seq2seq_50000sen_6-6layers_400units_exp2_budoslab_SOFT_ATTN_11.model
BLEU: 14.49
finished training on 45000 sentences
--------------------------------------------------
computing perplexity
--------------------------------------------------
dev perplexity | 34.845073
# words in dev |   3182
--------------------------------------------------
Saving model
Finished saving model
wooohooo!
hu_en_model_50000/train_50000sen_6-6layers_400units_exp2_budoslab_SOFT_ATTN.log
hu_en_model_50000/dev_50000sen_6-6layers_400units_exp2_budoslab_SOFT_ATTN.log
hu_en_model_50000/seq2seq_50000sen_6-6layers_400units_exp2_budoslab_SOFT_ATTN_12.model
finished training on 45000 sentences
--------------------------------------------------
computing perplexity
--------------------------------------------------
dev perplexity | 33.724272
# words in dev |   3182
--------------------------------------------------
Saving model
Finished saving model
wooohooo!
hu_en_model_50000/train_50000sen_6-6layers_400units_exp2_budoslab_SOFT_ATTN.log
hu_en_model_50000/dev_50000sen_6-6layers_400units_exp2_budoslab_SOFT_ATTN.log
hu_en_model_50000/seq2seq_50000sen_6-6layers_400units_exp2_budoslab_SOFT_ATTN_13.model
BLEU: 15.15
finished training on 45000 sentences
--------------------------------------------------
computing perplexity
--------------------------------------------------
dev perplexity | 35.359538
# words in dev |   3182
--------------------------------------------------
Saving model
Finished saving model
wooohooo!
hu_en_model_50000/train_50000sen_6-6layers_400units_exp2_budoslab_SOFT_ATTN.log
hu_en_model_50000/dev_50000sen_6-6layers_400units_exp2_budoslab_SOFT_ATTN.log
hu_en_model_50000/seq2seq_50000sen_6-6layers_400units_exp2_budoslab_SOFT_ATTN_14.model
finished training on 45000 sentences
--------------------------------------------------
computing perplexity
--------------------------------------------------
dev perplexity | 35.476484
# words in dev |   3182
--------------------------------------------------
Saving model
Finished saving model
wooohooo!
hu_en_model_50000/train_50000sen_6-6layers_400units_exp2_budoslab_SOFT_ATTN.log
hu_en_model_50000/dev_50000sen_6-6layers_400units_exp2_budoslab_SOFT_ATTN.log
hu_en_model_50000/seq2seq_50000sen_6-6layers_400units_exp2_budoslab_SOFT_ATTN_15.model
BLEU: 17.04
Simple predictions (╯°□°）╯︵ ┻━┻
training set predictions
English predictions, s=0, num=2:
--------------------------------------------------
sentence: 0
Src | Álmomban sem hittem volna                                                       
Ref | i never dreamed before                                                          
Hyp | neither neither neither neither saw saw saw saw saw saw saw saw seen seen seen _EOS
--------------------------------------------------
precision | 0.0000
recall | 0.0000
--------------------------------------------------
sentence: 1
Src | hogy az ajtók megnyílnak sorba előttem egy szabad világ felé                    
Ref | i m gonna knock the door into the world of perfect free                         
Hyp | i ll i came the the the the of of of of world world world _EOS                  
--------------------------------------------------
precision | 0.3333
recall | 0.4167
sentences matching filter = 2
Simple predictions (╯°□°）╯︵ ┻━┻
dev set predictions
English predictions, s=45000, num=3:
--------------------------------------------------
sentence: 45000
Src | - rendben                                                                       
Ref | - all right                                                                     
Hyp | - all all _EOS                                                                  
--------------------------------------------------
precision | 0.6667
recall | 0.6667
--------------------------------------------------
sentence: 45001
Src | cesca                                                                           
Ref | cesca cesca                                                                     
Hyp | cesca hold hold hold cesca cesca cesca hold hold hold hold _EOS                 
--------------------------------------------------
precision | 0.1818
recall | 1.0000
--------------------------------------------------
sentence: 45002
Src | nem látok                                                                       
Ref | i can t see                                                                     
Hyp | i don t t t t t t t t t t t _EOS                                                
--------------------------------------------------
precision | 0.1538
recall | 0.5000
sentences matching filter = 3
--------------------------------------------------
BLEU: 17.04
--------------------------------------------------
Final saving model
Finished saving model
hu_en_model_50000/train_50000sen_6-6layers_400units_exp2_budoslab_SOFT_ATTN.log
hu_en_model_50000/dev_50000sen_6-6layers_400units_exp2_budoslab_SOFT_ATTN.log
hu_en_model_50000/seq2seq_50000sen_6-6layers_400units_exp2_budoslab_SOFT_ATTN.model
BLEU: 17.04
