Inuktitut English dataset configuration
vocab size, en=9363, fr=64858
in_en_model_50000/train_50000sen_1-1layers_100units_exp1_aajuq_SOFT_ATTN.log
in_en_model_50000/seq2seq_50000sen_1-1layers_100units_exp1_aajuq_SOFT_ATTN.model
here False
not creating buckets as requested. will crash if buckets not present
finished training on 45000 sentences
--------------------------------------------------
computing perplexity
--------------------------------------------------
dev perplexity | 171.169256
# words in dev |   3331
--------------------------------------------------
Saving model
Finished saving model
wooohooo!
in_en_model_50000/train_50000sen_1-1layers_100units_exp1_aajuq_SOFT_ATTN.log
in_en_model_50000/dev_50000sen_1-1layers_100units_exp1_aajuq_SOFT_ATTN.log
in_en_model_50000/seq2seq_50000sen_1-1layers_100units_exp1_aajuq_SOFT_ATTN_1.model
BLEU: 16.02
finished training on 45000 sentences
--------------------------------------------------
computing perplexity
--------------------------------------------------
dev perplexity | 186.002975
# words in dev |   3331
--------------------------------------------------
Saving model
Finished saving model
wooohooo!
in_en_model_50000/train_50000sen_1-1layers_100units_exp1_aajuq_SOFT_ATTN.log
in_en_model_50000/dev_50000sen_1-1layers_100units_exp1_aajuq_SOFT_ATTN.log
in_en_model_50000/seq2seq_50000sen_1-1layers_100units_exp1_aajuq_SOFT_ATTN_2.model
finished training on 45000 sentences
--------------------------------------------------
computing perplexity
--------------------------------------------------
dev perplexity | 178.076923
# words in dev |   3331
--------------------------------------------------
Saving model
Finished saving model
wooohooo!
in_en_model_50000/train_50000sen_1-1layers_100units_exp1_aajuq_SOFT_ATTN.log
in_en_model_50000/dev_50000sen_1-1layers_100units_exp1_aajuq_SOFT_ATTN.log
in_en_model_50000/seq2seq_50000sen_1-1layers_100units_exp1_aajuq_SOFT_ATTN_3.model
BLEU: 21.62
finished training on 45000 sentences
--------------------------------------------------
computing perplexity
--------------------------------------------------
dev perplexity | 197.156129
# words in dev |   3331
--------------------------------------------------
Saving model
Finished saving model
wooohooo!
in_en_model_50000/train_50000sen_1-1layers_100units_exp1_aajuq_SOFT_ATTN.log
in_en_model_50000/dev_50000sen_1-1layers_100units_exp1_aajuq_SOFT_ATTN.log
in_en_model_50000/seq2seq_50000sen_1-1layers_100units_exp1_aajuq_SOFT_ATTN_4.model
finished training on 45000 sentences
--------------------------------------------------
computing perplexity
--------------------------------------------------
dev perplexity | 192.908515
# words in dev |   3331
--------------------------------------------------
Saving model
Finished saving model
wooohooo!
in_en_model_50000/train_50000sen_1-1layers_100units_exp1_aajuq_SOFT_ATTN.log
in_en_model_50000/dev_50000sen_1-1layers_100units_exp1_aajuq_SOFT_ATTN.log
in_en_model_50000/seq2seq_50000sen_1-1layers_100units_exp1_aajuq_SOFT_ATTN_5.model
BLEU: 26.82
finished training on 45000 sentences
--------------------------------------------------
computing perplexity
--------------------------------------------------
dev perplexity | 219.653052
# words in dev |   3331
--------------------------------------------------
Saving model
Finished saving model
wooohooo!
in_en_model_50000/train_50000sen_1-1layers_100units_exp1_aajuq_SOFT_ATTN.log
in_en_model_50000/dev_50000sen_1-1layers_100units_exp1_aajuq_SOFT_ATTN.log
in_en_model_50000/seq2seq_50000sen_1-1layers_100units_exp1_aajuq_SOFT_ATTN_6.model
finished training on 45000 sentences
--------------------------------------------------
computing perplexity
--------------------------------------------------
dev perplexity | 248.172438
# words in dev |   3331
--------------------------------------------------
Saving model
Finished saving model
wooohooo!
in_en_model_50000/train_50000sen_1-1layers_100units_exp1_aajuq_SOFT_ATTN.log
in_en_model_50000/dev_50000sen_1-1layers_100units_exp1_aajuq_SOFT_ATTN.log
in_en_model_50000/seq2seq_50000sen_1-1layers_100units_exp1_aajuq_SOFT_ATTN_7.model
BLEU: 28.68
finished training on 45000 sentences
--------------------------------------------------
computing perplexity
--------------------------------------------------
dev perplexity | 235.120876
# words in dev |   3331
--------------------------------------------------
Saving model
Finished saving model
wooohooo!
in_en_model_50000/train_50000sen_1-1layers_100units_exp1_aajuq_SOFT_ATTN.log
in_en_model_50000/dev_50000sen_1-1layers_100units_exp1_aajuq_SOFT_ATTN.log
in_en_model_50000/seq2seq_50000sen_1-1layers_100units_exp1_aajuq_SOFT_ATTN_8.model
finished training on 45000 sentences
--------------------------------------------------
computing perplexity
--------------------------------------------------
dev perplexity | 217.758262
# words in dev |   3331
--------------------------------------------------
Saving model
Finished saving model
wooohooo!
in_en_model_50000/train_50000sen_1-1layers_100units_exp1_aajuq_SOFT_ATTN.log
in_en_model_50000/dev_50000sen_1-1layers_100units_exp1_aajuq_SOFT_ATTN.log
in_en_model_50000/seq2seq_50000sen_1-1layers_100units_exp1_aajuq_SOFT_ATTN_9.model
BLEU: 32.02
finished training on 45000 sentences
--------------------------------------------------
computing perplexity
--------------------------------------------------
dev perplexity | 303.302921
# words in dev |   3331
--------------------------------------------------
Saving model
Finished saving model
wooohooo!
in_en_model_50000/train_50000sen_1-1layers_100units_exp1_aajuq_SOFT_ATTN.log
in_en_model_50000/dev_50000sen_1-1layers_100units_exp1_aajuq_SOFT_ATTN.log
in_en_model_50000/seq2seq_50000sen_1-1layers_100units_exp1_aajuq_SOFT_ATTN_10.model
finished training on 45000 sentences
--------------------------------------------------
computing perplexity
--------------------------------------------------
dev perplexity | 306.261563
# words in dev |   3331
--------------------------------------------------
Saving model
Finished saving model
wooohooo!
in_en_model_50000/train_50000sen_1-1layers_100units_exp1_aajuq_SOFT_ATTN.log
in_en_model_50000/dev_50000sen_1-1layers_100units_exp1_aajuq_SOFT_ATTN.log
in_en_model_50000/seq2seq_50000sen_1-1layers_100units_exp1_aajuq_SOFT_ATTN_11.model
BLEU: 31.57
finished training on 45000 sentences
--------------------------------------------------
computing perplexity
--------------------------------------------------
dev perplexity | 327.399563
# words in dev |   3331
--------------------------------------------------
Saving model
Finished saving model
wooohooo!
in_en_model_50000/train_50000sen_1-1layers_100units_exp1_aajuq_SOFT_ATTN.log
in_en_model_50000/dev_50000sen_1-1layers_100units_exp1_aajuq_SOFT_ATTN.log
in_en_model_50000/seq2seq_50000sen_1-1layers_100units_exp1_aajuq_SOFT_ATTN_12.model
finished training on 45000 sentences
--------------------------------------------------
computing perplexity
--------------------------------------------------
dev perplexity | 364.690900
# words in dev |   3331
--------------------------------------------------
Saving model
Finished saving model
wooohooo!
in_en_model_50000/train_50000sen_1-1layers_100units_exp1_aajuq_SOFT_ATTN.log
in_en_model_50000/dev_50000sen_1-1layers_100units_exp1_aajuq_SOFT_ATTN.log
in_en_model_50000/seq2seq_50000sen_1-1layers_100units_exp1_aajuq_SOFT_ATTN_13.model
BLEU: 32.75
finished training on 45000 sentences
--------------------------------------------------
computing perplexity
--------------------------------------------------
dev perplexity | 425.454762
# words in dev |   3331
--------------------------------------------------
Saving model
Finished saving model
wooohooo!
in_en_model_50000/train_50000sen_1-1layers_100units_exp1_aajuq_SOFT_ATTN.log
in_en_model_50000/dev_50000sen_1-1layers_100units_exp1_aajuq_SOFT_ATTN.log
in_en_model_50000/seq2seq_50000sen_1-1layers_100units_exp1_aajuq_SOFT_ATTN_14.model
finished training on 45000 sentences
--------------------------------------------------
computing perplexity
--------------------------------------------------
dev perplexity | 362.352214
# words in dev |   3331
--------------------------------------------------
Saving model
Finished saving model
wooohooo!
in_en_model_50000/train_50000sen_1-1layers_100units_exp1_aajuq_SOFT_ATTN.log
in_en_model_50000/dev_50000sen_1-1layers_100units_exp1_aajuq_SOFT_ATTN.log
in_en_model_50000/seq2seq_50000sen_1-1layers_100units_exp1_aajuq_SOFT_ATTN_15.model
BLEU: 33.39
Simple predictions (╯°□°）╯︵ ┻━┻
training set predictions
English predictions, s=0, num=2:
--------------------------------------------------
sentence: 0
Src | hansard                                                                         
Ref | hansard                                                                         
Hyp | hansard for _EOS                                                                
--------------------------------------------------
precision | 0.5000
recall | 1.0000
--------------------------------------------------
sentence: 1
Src | nunavut kanata                                                                  
Ref | nunavut canada                                                                  
Hyp | nunavut canada _EOS                                                             
--------------------------------------------------
precision | 1.0000
recall | 1.0000
sentences matching filter = 2
Simple predictions (╯°□°）╯︵ ┻━┻
dev set predictions
English predictions, s=45000, num=3:
--------------------------------------------------
sentence: 45000
Src | isumajunga minisitaujuq tunisijunnarpa uvattinnut ilanginnik uattiarurnisavinirnik ammalu qanuilijjutigijanginnik tamatumunga ilaguttiutijausimajumut akilirsuinnariaqarutinginnut tamanna pitaqariaqalaurmat kiinaujanik ammalu aulattiutinginnik titirarvingmi
Ref | i wonder if the minister can give us some background and rationale for this additional expenditure that is required for finance and administration
Hyp | i think wondering i the minister minister minister minister and _EOS            
--------------------------------------------------
precision | 0.4000
recall | 0.1739
--------------------------------------------------
sentence: 45001
Src | qujannamiingujutit                                                              
Ref | thank you                                                                       
Hyp | thank you _EOS                                                                  
--------------------------------------------------
precision | 1.0000
recall | 1.0000
--------------------------------------------------
sentence: 45002
Src | iksivautaq tusaajikkut                                                          
Ref | chairperson interpretation                                                      
Hyp | chairperson interpretation _EOS                                                 
--------------------------------------------------
precision | 1.0000
recall | 1.0000
sentences matching filter = 3
--------------------------------------------------
BLEU: 33.39
--------------------------------------------------
Final saving model
Finished saving model
in_en_model_50000/train_50000sen_1-1layers_100units_exp1_aajuq_SOFT_ATTN.log
in_en_model_50000/dev_50000sen_1-1layers_100units_exp1_aajuq_SOFT_ATTN.log
in_en_model_50000/seq2seq_50000sen_1-1layers_100units_exp1_aajuq_SOFT_ATTN.model
BLEU: 33.39
